<?xml version="1.0" encoding="UTF-8"?>
<testng-results ignored="0" total="1" passed="1" failed="0" skipped="0">
  <reporter-output>
  </reporter-output>
  <suite started-at="2018-04-09T09:32:18Z" name="Default suite" finished-at="2018-04-09T09:32:44Z" duration-ms="25483">
    <groups>
    </groups>
    <test started-at="2018-04-09T09:32:18Z" name="Default test" finished-at="2018-04-09T09:32:44Z" duration-ms="25483">
      <class name="NewTest.NewTest">
        <test-method is-config="true" signature="beforeTest()[pri:0, instance:NewTest.NewTest@6f45df59]" started-at="2018-04-09T09:32:18Z" name="beforeTest" finished-at="2018-04-09T09:32:31Z" duration-ms="13004" status="PASS">
          <reporter-output>
          </reporter-output>
        </test-method> <!-- beforeTest -->
        <test-method signature="testEasy()[pri:0, instance:NewTest.NewTest@6f45df59]" started-at="2018-04-09T09:32:31Z" name="testEasy" finished-at="2018-04-09T09:32:43Z" duration-ms="11576" status="PASS">
          <reporter-output>
          </reporter-output>
        </test-method> <!-- testEasy -->
        <test-method is-config="true" signature="afterTest()[pri:0, instance:NewTest.NewTest@6f45df59]" started-at="2018-04-09T09:32:43Z" name="afterTest" finished-at="2018-04-09T09:32:44Z" duration-ms="833" status="PASS">
          <reporter-output>
          </reporter-output>
        </test-method> <!-- afterTest -->
      </class> <!-- NewTest.NewTest -->
    </test> <!-- Default test -->
  </suite> <!-- Default suite -->
</testng-results>
