<?xml version="1.0" encoding="UTF-8"?>
<!-- Generated by org.testng.reporters.JUnitXMLReporter -->
<testsuite hostname="Soumya" failures="0" tests="12" name="Test" time="101.965" errors="0" timestamp="10 Apr 2018 11:23:35 GMT">
  <testcase classname="ca.Login" name="f" time="8.428"/>
  <testcase classname="ca.DashboardNewtasks" name="new_task" time="5.415"/>
  <testcase classname="ca.DashboardNewtasks" name="view" time="2.455"/>
  <testcase classname="ca.DashboardNewtasks" name="edit" time="2.505"/>
  <testcase classname="ca.DashboardNewtasks" name="sliders" time="1.332"/>
  <testcase classname="ca.DashboardNewtasks" name="select" time="1.672"/>
  <testcase classname="ca.DashboardNewtasks" name="scroll" time="5.085"/>
  <testcase classname="ca.DashboardNewtasks" name="backdashboard" time="5.406"/>
  <testcase classname="ca.DashboardPendingtasks" name="pending_task" time="5.354"/>
  <testcase classname="ca.DashboardPendingtasks" name="click_view" time="5.103"/>
  <testcase classname="ca.DashboardPendingtasks" name="select" time="5.658"/>
  <testcase classname="ca.DashboardPendingtasks" name="slide" time="1.348"/>
</testsuite> <!-- Test -->
